<?xml version="1.0" encoding="UTF-8"?>
<!-- Generated by org.testng.reporters.JUnitReportReporter -->
<testsuite hostname="Pratik" failures="0" tests="1" name="runner.run" time="11.788" errors="0" timestamp="2024-07-02T16:53:58 IST" skipped="0">
  <testcase classname="runner.run" name="runScenario" time="11.788"/>
</testsuite> <!-- runner.run -->
